<?xml version="1.0" encoding="UTF-8"?>
<!-- Generated by org.testng.reporters.JUnitXMLReporter -->
<testsuite ignored="0" hostname="DESKTOP-M0FLE7G" failures="1" tests="1" name="firefox_test" time="0.26" errors="0" timestamp="2025-02-04T13:54:17 IST">
  <testcase classname="com.testcases.TC004_SearchEmployee" name="search_Employee" time="0.121">
    <failure type="java.lang.AssertionError" message="null">
      <![CDATA[java.lang.AssertionError: null
at com.testcases.TC004_SearchEmployee.search_Employee(TC004_SearchEmployee.java:67)
at java.base/java.util.ArrayList.forEach(ArrayList.java:1597)
at java.base/java.util.concurrent.FutureTask.run(FutureTask.java:317)
at java.base/java.util.concurrent.ThreadPoolExecutor.runWorker(ThreadPoolExecutor.java:1144)
at java.base/java.util.concurrent.ThreadPoolExecutor$Worker.run(ThreadPoolExecutor.java:642)
at java.base/java.lang.Thread.run(Thread.java:1570)
... Removed 17 stack frames]]>
    </failure>
  </testcase> <!-- search_Employee -->
</testsuite> <!-- firefox_test -->
